<?xml version="1.0" encoding="UTF-8"?>
<testng-results ignored="0" total="1" passed="1" failed="0" skipped="0">
  <reporter-output>
  </reporter-output>
  <suite started-at="2025-05-03T11:01:21 IST" name="Default suite" finished-at="2025-05-03T11:01:33 IST" duration-ms="12745">
    <groups>
    </groups>
    <test started-at="2025-05-03T11:01:21 IST" name="Default test" finished-at="2025-05-03T11:01:33 IST" duration-ms="12745">
      <class name="jenkinsLearningTest.Parameterized">
        <test-method signature="login()[pri:0, instance:jenkinsLearningTest.Parameterized@3d74bf60]" started-at="2025-05-03T11:01:21 IST" name="login" finished-at="2025-05-03T11:01:33 IST" duration-ms="12704" status="PASS">
          <reporter-output>
          </reporter-output>
        </test-method> <!-- login -->
      </class> <!-- jenkinsLearningTest.Parameterized -->
    </test> <!-- Default test -->
  </suite> <!-- Default suite -->
</testng-results>
